


ARM Macro Assembler    Page 1 


    1 00000000 400073FC 
                       GPIO_PORTD_DATA_R
                               EQU              0x400073FC
    2 00000000 40007400 
                       GPIO_PORTD_DIR_R
                               EQU              0x40007400
    3 00000000 4000751C 
                       GPIO_PORTD_DEN_R
                               EQU              0x4000751C
    4 00000000 40007528 
                       GPIO_PORTD_AMSEL_R
                               EQU              0x40007528
    5 00000000 400053FC 
                       GPIO_PORTB_DATA_R
                               EQU              0x400053FC
    6 00000000 40005400 
                       GPIO_PORTB_DIR_R
                               EQU              0x40005400
    7 00000000 4000551C 
                       GPIO_PORTB_DEN_R
                               EQU              0x4000551C
    8 00000000 400FE608 
                       SYSCTL_RCGCGPIO_R
                               EQU              0x400FE608
    9 00000000         
   10 00000000                 AREA             |.text|, CODE, READONLY, ALIGN=
2
   11 00000000                 EXPORT           __main
   12 00000000         __main
   13 00000000 481E            LDR              R0, =PortConfiguration
   14 00000002 4780            BLX              R0
   15 00000004 481E            LDR              R0, =GPIO_PORTB_DATA_R
   16 00000006 491F            LDR              R1, =GPIO_PORTD_DATA_R
   17 00000008         
   18 00000008         ;RunForever
   19 00000008         ; LDR R2, [R1]
   20 00000008         ; STR R2, [R0]
   21 00000008         ; B RunForever
   22 00000008         
   23 00000008         ; turn the LED3 on
   24 00000008         MainLoop
   25 00000008 F04F 0208       MOV              R2, #0x08
   26 0000000C 6002            STR              R2, [R0]
   27 0000000E         
   28 0000000E         ; delay loop
   29 0000000E 4D1E            LDR              R5, =200000
   30 00000010         DelayLoop
   31 00000010 3D01            SUBS             R5, #1
   32 00000012 D1FD            BNE              DelayLoop
   33 00000014         
   34 00000014         ; turn LED3 off
   35 00000014 F04F 0200       MOV              R2, #0
   36 00000018 6002            STR              R2, [R0]
   37 0000001A         
   38 0000001A         ; delay loop2
   39 0000001A 4D1B            LDR              R5, =200000
   40 0000001C         DelayLoop2
   41 0000001C 3D01            SUBS             R5, #1
   42 0000001E D1FD            BNE              DelayLoop2



ARM Macro Assembler    Page 2 


   43 00000020         
   44 00000020 E7F2            B                MainLoop
   45 00000022         
   46 00000022         PortConfiguration
   47 00000022         ; Port B initializations first
   48 00000022 481A            LDR              R0, =SYSCTL_RCGCGPIO_R
   49 00000024 6801            LDR              R1, [R0]
   50 00000026 F041 0102       ORR              R1, R1, #0x02
   51 0000002A 6001            STR              R1, [R0]
   52 0000002C BF00            NOP
   53 0000002E BF00            NOP
   54 00000030 BF00            NOP
   55 00000032 BF00            NOP
   56 00000034 4816            LDR              R0, =GPIO_PORTB_DIR_R
   57 00000036 6801            LDR              R1, [R0]
   58 00000038 F041 0108       ORR              R1, R1, #0x08
   59 0000003C 6001            STR              R1, [R0]
   60 0000003E 4815            LDR              R0, =GPIO_PORTB_DEN_R
   61 00000040 6801            LDR              R1, [R0]
   62 00000042 F041 0108       ORR              R1, R1, #0x08
   63 00000046 6001            STR              R1, [R0]
   64 00000048         
   65 00000048         ; Port D initializaion
   66 00000048 4810            LDR              R0, =SYSCTL_RCGCGPIO_R
   67 0000004A 6801            LDR              R1, [R0]
   68 0000004C F041 0108       ORR              R1, R1, #0x08
   69 00000050 6001            STR              R1, [R0]
   70 00000052 BF00            NOP
   71 00000054 BF00            NOP
   72 00000056 BF00            NOP
   73 00000058 BF00            NOP
   74 0000005A 480F            LDR              R0, =GPIO_PORTD_DIR_R
   75 0000005C 6801            LDR              R1, [R0]
   76 0000005E F021 010F       BIC              R1, R1, #0x0F
   77 00000062 6001            STR              R1, [R0]
   78 00000064 480D            LDR              R0, =GPIO_PORTD_AMSEL_R
   79 00000066 6801            LDR              R1, [R0]
   80 00000068 F021 010F       BIC              R1, R1, #0x0F
   81 0000006C 6001            STR              R1, [R0]
   82 0000006E 480C            LDR              R0, =GPIO_PORTD_DEN_R
   83 00000070 6801            LDR              R1, [R0]
   84 00000072 F041 010F       ORR              R1, R1, #0x0F
   85 00000076 6001            STR              R1, [R0]
   86 00000078         
   87 00000078 4770            BX               LR
   88 0000007A         
   89 0000007A                 EXPORT           SystemInit
   90 0000007A         SystemInit
   91 0000007A 4770            BX               LR
   92 0000007C         
   93 0000007C                 ALIGN
   94 0000007C                 END
              00000000 
              400053FC 
              400073FC 
              00030D40 
              400FE608 
              40005400 
              4000551C 



ARM Macro Assembler    Page 3 


              40007400 
              40007528 
              4000751C 
Command Line: --debug --xref --cpu=Cortex-M4.fp --apcs=interwork --depend=.\mai
n.d -o.\main.o -IC:\winapps\Keil\ARM\RV31\INC -IC:\winapps\Keil\ARM\CMSIS\Inclu
de -IC:\winapps\Keil\ARM\Inc\TI\TM4C123 --predefine="__EVAL SETA 1" --list=.\ma
in.lst ..\main.s



ARM Macro Assembler    Page 1 Alphabetic symbol ordering
Relocatable symbols

.text 00000000

Symbol: .text
   Definitions
      At line 10 in file ..\main.s
   Uses
      None
Comment: .text unused
DelayLoop 00000010

Symbol: DelayLoop
   Definitions
      At line 30 in file ..\main.s
   Uses
      At line 32 in file ..\main.s
Comment: DelayLoop used once
DelayLoop2 0000001C

Symbol: DelayLoop2
   Definitions
      At line 40 in file ..\main.s
   Uses
      At line 42 in file ..\main.s
Comment: DelayLoop2 used once
MainLoop 00000008

Symbol: MainLoop
   Definitions
      At line 24 in file ..\main.s
   Uses
      At line 44 in file ..\main.s
Comment: MainLoop used once
PortConfiguration 00000022

Symbol: PortConfiguration
   Definitions
      At line 46 in file ..\main.s
   Uses
      At line 13 in file ..\main.s
Comment: PortConfiguration used once
SystemInit 0000007A

Symbol: SystemInit
   Definitions
      At line 90 in file ..\main.s
   Uses
      At line 89 in file ..\main.s
Comment: SystemInit used once
__main 00000000

Symbol: __main
   Definitions
      At line 12 in file ..\main.s
   Uses
      At line 11 in file ..\main.s
Comment: __main used once
7 symbols



ARM Macro Assembler    Page 1 Alphabetic symbol ordering
Absolute symbols

GPIO_PORTB_DATA_R 400053FC

Symbol: GPIO_PORTB_DATA_R
   Definitions
      At line 5 in file ..\main.s
   Uses
      At line 15 in file ..\main.s
Comment: GPIO_PORTB_DATA_R used once
GPIO_PORTB_DEN_R 4000551C

Symbol: GPIO_PORTB_DEN_R
   Definitions
      At line 7 in file ..\main.s
   Uses
      At line 60 in file ..\main.s
Comment: GPIO_PORTB_DEN_R used once
GPIO_PORTB_DIR_R 40005400

Symbol: GPIO_PORTB_DIR_R
   Definitions
      At line 6 in file ..\main.s
   Uses
      At line 56 in file ..\main.s
Comment: GPIO_PORTB_DIR_R used once
GPIO_PORTD_AMSEL_R 40007528

Symbol: GPIO_PORTD_AMSEL_R
   Definitions
      At line 4 in file ..\main.s
   Uses
      At line 78 in file ..\main.s
Comment: GPIO_PORTD_AMSEL_R used once
GPIO_PORTD_DATA_R 400073FC

Symbol: GPIO_PORTD_DATA_R
   Definitions
      At line 1 in file ..\main.s
   Uses
      At line 16 in file ..\main.s
Comment: GPIO_PORTD_DATA_R used once
GPIO_PORTD_DEN_R 4000751C

Symbol: GPIO_PORTD_DEN_R
   Definitions
      At line 3 in file ..\main.s
   Uses
      At line 82 in file ..\main.s
Comment: GPIO_PORTD_DEN_R used once
GPIO_PORTD_DIR_R 40007400

Symbol: GPIO_PORTD_DIR_R
   Definitions
      At line 2 in file ..\main.s
   Uses
      At line 74 in file ..\main.s
Comment: GPIO_PORTD_DIR_R used once
SYSCTL_RCGCGPIO_R 400FE608

Symbol: SYSCTL_RCGCGPIO_R



ARM Macro Assembler    Page 2 Alphabetic symbol ordering
Absolute symbols

   Definitions
      At line 8 in file ..\main.s
   Uses
      At line 48 in file ..\main.s
      At line 66 in file ..\main.s

8 symbols
349 symbols in table
