


ARM Macro Assembler    Page 1 


    1 00000000 400073FC 
                       GPIO_PORTD_DATA_R
                               EQU              0x400073FC
    2 00000000 40007400 
                       GPIO_PORTD_DIR_R
                               EQU              0x40007400
    3 00000000 4000751C 
                       GPIO_PORTD_DEN_R
                               EQU              0x4000751C
    4 00000000 40007528 
                       GPIO_PORTD_AMSEL_R
                               EQU              0x40007528
    5 00000000 400053FC 
                       GPIO_PORTB_DATA_R
                               EQU              0x400053FC
    6 00000000 40005400 
                       GPIO_PORTB_DIR_R
                               EQU              0x40005400
    7 00000000 4000551C 
                       GPIO_PORTB_DEN_R
                               EQU              0x4000551C
    8 00000000 40025020 
                       GPIO_PORTF_DATA_R
                               EQU              0x40025020
    9 00000000 40025400 
                       GPIO_PORTF_DIR_R
                               EQU              0x40025400
   10 00000000 4002551C 
                       GPIO_PORTF_DEN_R
                               EQU              0x4002551C
   11 00000000 40025420 
                       GPIO_PORTF_AFSEL_R
                               EQU              0x40025420
   12 00000000         
   13 00000000 400FE608 
                       SYSCTL_RCGCGPIO_R
                               EQU              0x400FE608
   14 00000000         
   15 00000000                 AREA             |.text|, CODE, READONLY, ALIGN=
2
   16 00000000                 EXPORT           __main
   17 00000000         __main
   18 00000000         
   19 00000000 00F42400 
                       SYSTEM_CLOCK_FREQUENCY
                               EQU              16000000
   20 00000000 00030D40 
                       DELAY_VALUE
                               EQU              SYSTEM_CLOCK_FREQUENCY /80
   21 00000000         
   22 00000000         
   23 00000000 4826            LDR              R0, =PortConfiguration
   24 00000002 4780            BLX              R0
   25 00000004 4826            LDR              R0, =GPIO_PORTB_DATA_R
   26 00000006 4927            LDR              R1, =GPIO_PORTD_DATA_R
   27 00000008 4A27            LDR              R2, =GPIO_PORTF_DATA_R
   28 0000000A         
   29 0000000A         ;RunForever
   30 0000000A         ; LDR R2, [R1]



ARM Macro Assembler    Page 2 


   31 0000000A         ; STR R2, [R0]
   32 0000000A         ; B RunForever
   33 0000000A         
   34 0000000A         LED_Flash
   35 0000000A 6810            LDR              R0, [R2]
   36 0000000C F080 0008       EOR              R0, R0, #0x08
   37 00000010 6010            STR              R0, [R2]
   38 00000012         
   39 00000012         ; delay loop
   40 00000012 4D26            LDR              R5, =DELAY_VALUE
   41 00000014         Delay
   42 00000014 3D01            SUBS             R5, #1
   43 00000016 D1FD            BNE              Delay
   44 00000018 E7F7            B                LED_Flash
   45 0000001A         
   46 0000001A         ; turn the LED3 on
   47 0000001A         ;MainLoop 
   48 0000001A         ; MOV R2, #0x08
   49 0000001A         ; STR R2, [R0]
   50 0000001A         
   51 0000001A         ; delay loop
   52 0000001A         ; LDR R5, =200000
   53 0000001A         ;DelayLoop
   54 0000001A         ; SUBS R5, #1
   55 0000001A         ; BNE DelayLoop
   56 0000001A         
   57 0000001A         ; turn LED3 off
   58 0000001A         ; MOV R2, #0
   59 0000001A         ; STR R2, [R0]
   60 0000001A         
   61 0000001A         ; delay loop2
   62 0000001A         ; LDR R5, =200000
   63 0000001A         ;DelayLoop2
   64 0000001A         ; SUBS R5, #1
   65 0000001A         ; BNE DelayLoop2
   66 0000001A         
   67 0000001A         ; B MainLoop
   68 0000001A         
   69 0000001A         PortConfiguration
   70 0000001A         ; Port B initializations first
   71 0000001A 4825            LDR              R0, =SYSCTL_RCGCGPIO_R
   72 0000001C 6801            LDR              R1, [R0]
   73 0000001E F041 0102       ORR              R1, R1, #0x02
   74 00000022 6001            STR              R1, [R0]
   75 00000024 BF00            NOP
   76 00000026 BF00            NOP
   77 00000028 BF00            NOP
   78 0000002A BF00            NOP
   79 0000002C 4821            LDR              R0, =GPIO_PORTB_DIR_R
   80 0000002E 6801            LDR              R1, [R0]
   81 00000030 F041 0108       ORR              R1, R1, #0x08
   82 00000034 6001            STR              R1, [R0]
   83 00000036 4820            LDR              R0, =GPIO_PORTB_DEN_R
   84 00000038 6801            LDR              R1, [R0]
   85 0000003A F041 0108       ORR              R1, R1, #0x08
   86 0000003E 6001            STR              R1, [R0]
   87 00000040         
   88 00000040         ; Port D initializaion
   89 00000040 481B            LDR              R0, =SYSCTL_RCGCGPIO_R



ARM Macro Assembler    Page 3 


   90 00000042 6801            LDR              R1, [R0]
   91 00000044 F041 0108       ORR              R1, R1, #0x08
   92 00000048 6001            STR              R1, [R0]
   93 0000004A BF00            NOP
   94 0000004C BF00            NOP
   95 0000004E BF00            NOP
   96 00000050 BF00            NOP
   97 00000052 481A            LDR              R0, =GPIO_PORTD_DIR_R
   98 00000054 6801            LDR              R1, [R0]
   99 00000056 F021 010F       BIC              R1, R1, #0x0F
  100 0000005A 6001            STR              R1, [R0]
  101 0000005C 4818            LDR              R0, =GPIO_PORTD_AMSEL_R
  102 0000005E 6801            LDR              R1, [R0]
  103 00000060 F021 010F       BIC              R1, R1, #0x0F
  104 00000064 6001            STR              R1, [R0]
  105 00000066 4817            LDR              R0, =GPIO_PORTD_DEN_R
  106 00000068 6801            LDR              R1, [R0]
  107 0000006A F041 010F       ORR              R1, R1, #0x0F
  108 0000006E 6001            STR              R1, [R0]
  109 00000070         
  110 00000070         ; Port F init
  111 00000070 480F            LDR              R0, =SYSCTL_RCGCGPIO_R
  112 00000072 6801            LDR              R1, [R0]
  113 00000074 F041 0120       ORR              R1, R1, #0x20
  114 00000078 6001            STR              R1, [R0]
  115 0000007A BF00            NOP
  116 0000007C BF00            NOP
  117 0000007E BF00            NOP
  118 00000080 BF00            NOP
  119 00000082 4811            LDR              R0, =GPIO_PORTF_DIR_R
  120 00000084 6801            LDR              R1, [R0]
  121 00000086 F021 0108       BIC              R1, R1, #0x08
  122 0000008A 6001            STR              R1, [R0]
  123 0000008C 480F            LDR              R0, =GPIO_PORTF_DEN_R
  124 0000008E 6801            LDR              R1, [R0]
  125 00000090 F041 0108       ORR              R1, R1, #0x08
  126 00000094 6001            STR              R1, [R0]
  127 00000096         
  128 00000096 4770            BX               LR
  129 00000098         
  130 00000098                 EXPORT           SystemInit
  131 00000098         SystemInit
  132 00000098 4770            BX               LR
  133 0000009A         
  134 0000009A 00 00           ALIGN
  135 0000009C                 END
              00000000 
              400053FC 
              400073FC 
              40025020 
              00030D40 
              400FE608 
              40005400 
              4000551C 
              40007400 
              40007528 
              4000751C 
              40025400 
              4002551C 



ARM Macro Assembler    Page 4 


Command Line: --debug --xref --cpu=Cortex-M4.fp --apcs=interwork --depend=.\mai
n.d -o.\main.o -IC:\winapps\Keil\ARM\RV31\INC -IC:\winapps\Keil\ARM\CMSIS\Inclu
de -IC:\winapps\Keil\ARM\Inc\TI\TM4C123 --predefine="__EVAL SETA 1" --list=.\ma
in.lst main.s



ARM Macro Assembler    Page 1 Alphabetic symbol ordering
Relocatable symbols

.text 00000000

Symbol: .text
   Definitions
      At line 15 in file main.s
   Uses
      None
Comment: .text unused
Delay 00000014

Symbol: Delay
   Definitions
      At line 41 in file main.s
   Uses
      At line 43 in file main.s
Comment: Delay used once
LED_Flash 0000000A

Symbol: LED_Flash
   Definitions
      At line 34 in file main.s
   Uses
      At line 44 in file main.s
Comment: LED_Flash used once
PortConfiguration 0000001A

Symbol: PortConfiguration
   Definitions
      At line 69 in file main.s
   Uses
      At line 23 in file main.s
Comment: PortConfiguration used once
SystemInit 00000098

Symbol: SystemInit
   Definitions
      At line 131 in file main.s
   Uses
      At line 130 in file main.s
Comment: SystemInit used once
__main 00000000

Symbol: __main
   Definitions
      At line 17 in file main.s
   Uses
      At line 16 in file main.s
Comment: __main used once
6 symbols



ARM Macro Assembler    Page 1 Alphabetic symbol ordering
Absolute symbols

DELAY_VALUE 00030D40

Symbol: DELAY_VALUE
   Definitions
      At line 20 in file main.s
   Uses
      At line 40 in file main.s
Comment: DELAY_VALUE used once
GPIO_PORTB_DATA_R 400053FC

Symbol: GPIO_PORTB_DATA_R
   Definitions
      At line 5 in file main.s
   Uses
      At line 25 in file main.s
Comment: GPIO_PORTB_DATA_R used once
GPIO_PORTB_DEN_R 4000551C

Symbol: GPIO_PORTB_DEN_R
   Definitions
      At line 7 in file main.s
   Uses
      At line 83 in file main.s
Comment: GPIO_PORTB_DEN_R used once
GPIO_PORTB_DIR_R 40005400

Symbol: GPIO_PORTB_DIR_R
   Definitions
      At line 6 in file main.s
   Uses
      At line 79 in file main.s
Comment: GPIO_PORTB_DIR_R used once
GPIO_PORTD_AMSEL_R 40007528

Symbol: GPIO_PORTD_AMSEL_R
   Definitions
      At line 4 in file main.s
   Uses
      At line 101 in file main.s
Comment: GPIO_PORTD_AMSEL_R used once
GPIO_PORTD_DATA_R 400073FC

Symbol: GPIO_PORTD_DATA_R
   Definitions
      At line 1 in file main.s
   Uses
      At line 26 in file main.s
Comment: GPIO_PORTD_DATA_R used once
GPIO_PORTD_DEN_R 4000751C

Symbol: GPIO_PORTD_DEN_R
   Definitions
      At line 3 in file main.s
   Uses
      At line 105 in file main.s
Comment: GPIO_PORTD_DEN_R used once
GPIO_PORTD_DIR_R 40007400

Symbol: GPIO_PORTD_DIR_R



ARM Macro Assembler    Page 2 Alphabetic symbol ordering
Absolute symbols

   Definitions
      At line 2 in file main.s
   Uses
      At line 97 in file main.s
Comment: GPIO_PORTD_DIR_R used once
GPIO_PORTF_AFSEL_R 40025420

Symbol: GPIO_PORTF_AFSEL_R
   Definitions
      At line 11 in file main.s
   Uses
      None
Comment: GPIO_PORTF_AFSEL_R unused
GPIO_PORTF_DATA_R 40025020

Symbol: GPIO_PORTF_DATA_R
   Definitions
      At line 8 in file main.s
   Uses
      At line 27 in file main.s
Comment: GPIO_PORTF_DATA_R used once
GPIO_PORTF_DEN_R 4002551C

Symbol: GPIO_PORTF_DEN_R
   Definitions
      At line 10 in file main.s
   Uses
      At line 123 in file main.s
Comment: GPIO_PORTF_DEN_R used once
GPIO_PORTF_DIR_R 40025400

Symbol: GPIO_PORTF_DIR_R
   Definitions
      At line 9 in file main.s
   Uses
      At line 119 in file main.s
Comment: GPIO_PORTF_DIR_R used once
SYSCTL_RCGCGPIO_R 400FE608

Symbol: SYSCTL_RCGCGPIO_R
   Definitions
      At line 13 in file main.s
   Uses
      At line 71 in file main.s
      At line 89 in file main.s
      At line 111 in file main.s

SYSTEM_CLOCK_FREQUENCY 00F42400

Symbol: SYSTEM_CLOCK_FREQUENCY
   Definitions
      At line 19 in file main.s
   Uses
      At line 20 in file main.s
Comment: SYSTEM_CLOCK_FREQUENCY used once
14 symbols
354 symbols in table
