


ARM Macro Assembler    Page 1 


    1 00000000 400073FC 
                       GPIO_PORTD_DATA_R
                               EQU              0x400073FC
    2 00000000 40007400 
                       GPIO_PORTD_DIR_R
                               EQU              0x40007400
    3 00000000 4000751C 
                       GPIO_PORTD_DEN_R
                               EQU              0x4000751C
    4 00000000 40007528 
                       GPIO_PORTD_AMSEL_R
                               EQU              0x40007528
    5 00000000 400053FC 
                       GPIO_PORTB_DATA_R
                               EQU              0x400053FC
    6 00000000 40005400 
                       GPIO_PORTB_DIR_R
                               EQU              0x40005400
    7 00000000 4000551C 
                       GPIO_PORTB_DEN_R
                               EQU              0x4000551C
    8 00000000         
    9 00000000 400FE608 
                       SYSCTL_RCGCGPIO_R
                               EQU              0x400FE608
   10 00000000         
   11 00000000                 AREA             |.text|, CODE, READONLY, ALIGN=
2
   12 00000000                 EXPORT           __main
   13 00000000         __main
   14 00000000         
   15 00000000 0028BDB0 
                       DELAY_VALUE
                               EQU              2670000
   16 00000000         
   17 00000000         
   18 00000000 481E            LDR              R0, =PortConfiguration
   19 00000002 4780            BLX              R0
   20 00000004 481E            LDR              R0, =GPIO_PORTB_DATA_R
   21 00000006         ; LDR R1, =GPIO_PORTD_DATA_R
   22 00000006         
   23 00000006         ;THIS SECTION IS FOR PART 1 
   24 00000006         ;RunForever
   25 00000006         ;LDR R2, [R1]
   26 00000006         ;STR R2, [R0]
   27 00000006         ;B RunForever
   28 00000006         
   29 00000006         ;THIS SECTION IS FOR PART 2
   30 00000006         ; turn the LED3 on
   31 00000006         MainLoop
   32 00000006 F04F 0202       MOV              R2, #0x02
   33 0000000A 6002            STR              R2, [R0]
   34 0000000C         
   35 0000000C         ; delay loop
   36 0000000C 4D1D            LDR              R5, =DELAY_VALUE
   37 0000000E         Delay
   38 0000000E 3D01            SUBS             R5, #1
   39 00000010 D1FD            BNE              Delay
   40 00000012         



ARM Macro Assembler    Page 2 


   41 00000012         ; turn LED3 off
   42 00000012 F04F 0200       MOV              R2, #0
   43 00000016 6002            STR              R2, [R0]
   44 00000018         
   45 00000018         ; delay loop
   46 00000018 4D1A            LDR              R5, =DELAY_VALUE
   47 0000001A         LEDoff
   48 0000001A 3D01            SUBS             R5, #1
   49 0000001C D1FD            BNE              LEDoff
   50 0000001E E7F2            B                MainLoop
   51 00000020         
   52 00000020         PortConfiguration
   53 00000020         ; LED Port B initializations first
   54 00000020 4819            LDR              R0, =SYSCTL_RCGCGPIO_R
   55 00000022 6801            LDR              R1, [R0]
   56 00000024 F041 0102       ORR              R1, R1, #0x02
   57 00000028 6001            STR              R1, [R0]
   58 0000002A BF00            NOP
   59 0000002C BF00            NOP
   60 0000002E BF00            NOP
   61 00000030 BF00            NOP
   62 00000032 4816            LDR              R0, =GPIO_PORTB_DIR_R
   63 00000034 6801            LDR              R1, [R0]
   64 00000036 F041 010F       ORR              R1, R1, #0x0F
   65 0000003A 6001            STR              R1, [R0]
   66 0000003C 4814            LDR              R0, =GPIO_PORTB_DEN_R
   67 0000003E 6801            LDR              R1, [R0]
   68 00000040 F041 010F       ORR              R1, R1, #0x0F
   69 00000044 6001            STR              R1, [R0]
   70 00000046         
   71 00000046         ; SW Port D initializaion
   72 00000046 4810            LDR              R0, =SYSCTL_RCGCGPIO_R
   73 00000048 6801            LDR              R1, [R0]
   74 0000004A F041 0108       ORR              R1, R1, #0x08
   75 0000004E 6001            STR              R1, [R0]
   76 00000050 BF00            NOP
   77 00000052 BF00            NOP
   78 00000054 BF00            NOP
   79 00000056 BF00            NOP
   80 00000058 480E            LDR              R0, =GPIO_PORTD_DIR_R
   81 0000005A 6801            LDR              R1, [R0]
   82 0000005C F021 010F       BIC              R1, R1, #0x0F
   83 00000060 6001            STR              R1, [R0]
   84 00000062 480D            LDR              R0, =GPIO_PORTD_AMSEL_R
   85 00000064 6801            LDR              R1, [R0]
   86 00000066 F021 010F       BIC              R1, R1, #0x0F
   87 0000006A 6001            STR              R1, [R0]
   88 0000006C 480B            LDR              R0, =GPIO_PORTD_DEN_R
   89 0000006E 6801            LDR              R1, [R0]
   90 00000070 F041 010F       ORR              R1, R1, #0x0F
   91 00000074 6001            STR              R1, [R0]
   92 00000076         
   93 00000076 4770            BX               LR
   94 00000078         
   95 00000078                 EXPORT           SystemInit
   96 00000078         SystemInit
   97 00000078 4770            BX               LR
   98 0000007A         
   99 0000007A 00 00           ALIGN



ARM Macro Assembler    Page 3 


  100 0000007C                 END
              00000000 
              400053FC 
              0028BDB0 
              400FE608 
              40005400 
              4000551C 
              40007400 
              40007528 
              4000751C 
Command Line: --debug --xref --cpu=Cortex-M4.fp --apcs=interwork --depend=.\mai
n.d -o.\main.o -IC:\winapps\Keil\ARM\RV31\INC -IC:\winapps\Keil\ARM\CMSIS\Inclu
de -IC:\winapps\Keil\ARM\Inc\TI\TM4C123 --predefine="__EVAL SETA 1" --list=.\ma
in.lst main.s



ARM Macro Assembler    Page 1 Alphabetic symbol ordering
Relocatable symbols

.text 00000000

Symbol: .text
   Definitions
      At line 11 in file main.s
   Uses
      None
Comment: .text unused
Delay 0000000E

Symbol: Delay
   Definitions
      At line 37 in file main.s
   Uses
      At line 39 in file main.s
Comment: Delay used once
LEDoff 0000001A

Symbol: LEDoff
   Definitions
      At line 47 in file main.s
   Uses
      At line 49 in file main.s
Comment: LEDoff used once
MainLoop 00000006

Symbol: MainLoop
   Definitions
      At line 31 in file main.s
   Uses
      At line 50 in file main.s
Comment: MainLoop used once
PortConfiguration 00000020

Symbol: PortConfiguration
   Definitions
      At line 52 in file main.s
   Uses
      At line 18 in file main.s
Comment: PortConfiguration used once
SystemInit 00000078

Symbol: SystemInit
   Definitions
      At line 96 in file main.s
   Uses
      At line 95 in file main.s
Comment: SystemInit used once
__main 00000000

Symbol: __main
   Definitions
      At line 13 in file main.s
   Uses
      At line 12 in file main.s
Comment: __main used once
7 symbols



ARM Macro Assembler    Page 1 Alphabetic symbol ordering
Absolute symbols

DELAY_VALUE 0028BDB0

Symbol: DELAY_VALUE
   Definitions
      At line 15 in file main.s
   Uses
      At line 36 in file main.s
      At line 46 in file main.s

GPIO_PORTB_DATA_R 400053FC

Symbol: GPIO_PORTB_DATA_R
   Definitions
      At line 5 in file main.s
   Uses
      At line 20 in file main.s
Comment: GPIO_PORTB_DATA_R used once
GPIO_PORTB_DEN_R 4000551C

Symbol: GPIO_PORTB_DEN_R
   Definitions
      At line 7 in file main.s
   Uses
      At line 66 in file main.s
Comment: GPIO_PORTB_DEN_R used once
GPIO_PORTB_DIR_R 40005400

Symbol: GPIO_PORTB_DIR_R
   Definitions
      At line 6 in file main.s
   Uses
      At line 62 in file main.s
Comment: GPIO_PORTB_DIR_R used once
GPIO_PORTD_AMSEL_R 40007528

Symbol: GPIO_PORTD_AMSEL_R
   Definitions
      At line 4 in file main.s
   Uses
      At line 84 in file main.s
Comment: GPIO_PORTD_AMSEL_R used once
GPIO_PORTD_DATA_R 400073FC

Symbol: GPIO_PORTD_DATA_R
   Definitions
      At line 1 in file main.s
   Uses
      None
Comment: GPIO_PORTD_DATA_R unused
GPIO_PORTD_DEN_R 4000751C

Symbol: GPIO_PORTD_DEN_R
   Definitions
      At line 3 in file main.s
   Uses
      At line 88 in file main.s
Comment: GPIO_PORTD_DEN_R used once
GPIO_PORTD_DIR_R 40007400




ARM Macro Assembler    Page 2 Alphabetic symbol ordering
Absolute symbols

Symbol: GPIO_PORTD_DIR_R
   Definitions
      At line 2 in file main.s
   Uses
      At line 80 in file main.s
Comment: GPIO_PORTD_DIR_R used once
SYSCTL_RCGCGPIO_R 400FE608

Symbol: SYSCTL_RCGCGPIO_R
   Definitions
      At line 9 in file main.s
   Uses
      At line 54 in file main.s
      At line 72 in file main.s

9 symbols
350 symbols in table
