


ARM Macro Assembler    Page 1 


    1 00000000         ;/~~~~~~~~~~~~~~~~~~~~~~~~~~~~~~~~~~~~~~~~~~~~~~~~~~~~~~
                       ~~~~~~~~~~~~~~~~~~~~~~~~~\ 
    2 00000000         ;| File: keypad.s                                       
                                                |
    3 00000000         ;| This file contains a variety of subroutines to interf
                       ace with the 4x4 keypad  |
    4 00000000         ;| on the EVBplus EduBase board in conjunction with a Ti
                       va C Launchpad.          |
    5 00000000         ;| The code is thought to work reasonably well, but ther
                       e may still be bugs.     |
    6 00000000         ;| If you find one, email cmcischk@mtu.edu with details 
                       of what is going wrong.  |
    7 00000000         ;| The KeypadGetKey routine scans the keypad 2880 times 
                       so that a single keypress|
    8 00000000         ;| is only recognized *once*.  This may cause fast press
                       es to be ignored.        |
    9 00000000         ;\~~~~~~~~~~~~~~~~~~~~~~~~~~~~~~~~~~~~~~~~~~~~~~~~~~~~~~
                       ~~~~~~~~~~~~~~~~~~~~~~~~~/
   10 00000000         
   11 00000000                 AREA             DATA, READWRITE, ALIGN=2
   12 00000000 00 00 00 
              00 00 00 
              00 00 00 
              00 00 00 
              00 00 00 
              00 00    KeypadLookupTable
                               SPACE            17          ; 16 keys * 1 byte 
                                                            + null char
   13 00000011 00      lastScan
                               SPACE            1           ; The last characte
                                                            r read from keypad
   14 00000012 00 00 00 
              00       debounceCount
                               SPACE            4           ; Number of sequent
                                                            ial reads of the sa
                                                            me value
   15 00000016         
   16 00000016 00 00           ALIGN
   17 00000018         
   18 00000018                 AREA             |.text|, CODE, READONLY, ALIGN=
2
   19 00000000                 EXPORT           BuildKeypadLookupTable
   20 00000000         BuildKeypadLookupTable
   21 00000000 4891            LDR              R0, =KeypadLookupTable
   22 00000002 F04F 0100       MOV              R1, #0
   23 00000006 7001            STRB             R1, [R0]
   24 00000008 F100 0001       ADD              R0, #1
   25 0000000C F04F 0131       MOV              R1, #'1'
   26 00000010 7001            STRB             R1, [R0]
   27 00000012 F100 0001       ADD              R0, #1
   28 00000016 F04F 0132       MOV              R1, #'2'
   29 0000001A 7001            STRB             R1, [R0]
   30 0000001C F100 0001       ADD              R0, #1
   31 00000020 F04F 0133       MOV              R1, #'3'
   32 00000024 7001            STRB             R1, [R0]
   33 00000026 F100 0001       ADD              R0, #1
   34 0000002A F04F 0141       MOV              R1, #'A'
   35 0000002E 7001            STRB             R1, [R0]
   36 00000030 F100 0001       ADD              R0, #1



ARM Macro Assembler    Page 2 


   37 00000034 F04F 0134       MOV              R1, #'4'
   38 00000038 7001            STRB             R1, [R0]
   39 0000003A F100 0001       ADD              R0, #1
   40 0000003E F04F 0135       MOV              R1, #'5'
   41 00000042 7001            STRB             R1, [R0]
   42 00000044 F100 0001       ADD              R0, #1
   43 00000048 F04F 0136       MOV              R1, #'6'
   44 0000004C 7001            STRB             R1, [R0]
   45 0000004E F100 0001       ADD              R0, #1
   46 00000052 F04F 0142       MOV              R1, #'B'
   47 00000056 7001            STRB             R1, [R0]
   48 00000058 F100 0001       ADD              R0, #1
   49 0000005C F04F 0137       MOV              R1, #'7'
   50 00000060 7001            STRB             R1, [R0]
   51 00000062 F100 0001       ADD              R0, #1
   52 00000066 F04F 0138       MOV              R1, #'8'
   53 0000006A 7001            STRB             R1, [R0]
   54 0000006C F100 0001       ADD              R0, #1
   55 00000070 F04F 0139       MOV              R1, #'9'
   56 00000074 7001            STRB             R1, [R0]
   57 00000076 F100 0001       ADD              R0, #1
   58 0000007A F04F 0143       MOV              R1, #'C'
   59 0000007E 7001            STRB             R1, [R0]
   60 00000080 F100 0001       ADD              R0, #1
   61 00000084 F04F 012A       MOV              R1, #'*'
   62 00000088 7001            STRB             R1, [R0]
   63 0000008A F100 0001       ADD              R0, #1
   64 0000008E F04F 0130       MOV              R1, #'0'
   65 00000092 7001            STRB             R1, [R0]
   66 00000094 F100 0001       ADD              R0, #1
   67 00000098 F04F 0123       MOV              R1, #'#'
   68 0000009C 7001            STRB             R1, [R0]
   69 0000009E F100 0001       ADD              R0, #1
   70 000000A2 F04F 0144       MOV              R1, #'D'
   71 000000A6 7001            STRB             R1, [R0]
   72 000000A8         
   73 000000A8         
   74 000000A8 4770            BX               LR
   75 000000AA         
   76 000000AA         ;/~~~~~~~~~~~~~~~~~~~~~~~~~~~~~~~~~~~~~~~~~~~~~~~~\ 
   77 000000AA         ;| KeypadInit                                     |
   78 000000AA         ;| Author: Kit Cischke                            |
   79 000000AA         ;| Based on C code written by Muhammad Ali Mazidi |
   80 000000AA         ;|                                                |
   81 000000AA         ;| Returns: void                                  |
   82 000000AA         ;| Parameters: void                               |
   83 000000AA         ;| The keypad is attached to PD0-3 (rows) and     |
   84 000000AA         ;| PA2-5 (columns). Everything initialized to     |
   85 000000AA         ;| input.  Analog mode turned off.                |
   86 000000AA         ;| Modifies registers R0, R1.                     |
   87 000000AA         ;\~~~~~~~~~~~~~~~~~~~~~~~~~~~~~~~~~~~~~~~~~~~~~~~~/ 
   88 000000AA         
   89 000000AA 400073FC 
                       GPIO_PORTD_DATA_R
                               EQU              0x400073FC
   90 000000AA 40007400 
                       GPIO_PORTD_DIR_R
                               EQU              0x40007400
   91 000000AA 4000751C 



ARM Macro Assembler    Page 3 


                       GPIO_PORTD_DEN_R
                               EQU              0x4000751C
   92 000000AA 40007528 
                       GPIO_PORTD_AMSEL_R
                               EQU              0x40007528
   93 000000AA 400043FC 
                       GPIO_PORTA_DATA_R
                               EQU              0x400043FC
   94 000000AA 40004400 
                       GPIO_PORTA_DIR_R
                               EQU              0x40004400
   95 000000AA 4000451C 
                       GPIO_PORTA_DEN_R
                               EQU              0x4000451C
   96 000000AA 40004528 
                       GPIO_PORTA_AMSEL_R
                               EQU              0x40004528
   97 000000AA 400FE608 
                       SYSCTL_RCGCGPIO_R
                               EQU              0x400FE608
   98 000000AA         
   99 000000AA                 EXPORT           KeypadInit
  100 000000AA         KeypadInit
  101 000000AA 4868            LDR              R0, =SYSCTL_RCGCGPIO_R
  102 000000AC 6801            LDR              R1, [R0]
  103 000000AE F041 0101       ORR              R1, #0x01   ; Port A clocks
  104 000000B2 F041 0108       ORR              R1, #0x08   ; Port D clocks
  105 000000B6 6001            STR              R1, [R0]
  106 000000B8         
  107 000000B8 BF00            NOP
  108 000000BA BF00            NOP
  109 000000BC BF00            NOP
  110 000000BE         
  111 000000BE 4864            LDR              R0, =GPIO_PORTA_DIR_R
  112 000000C0 6801            LDR              R1, [R0]
  113 000000C2 F021 013C       BIC              R1, #0x3C
  114 000000C6 6001            STR              R1, [R0]
  115 000000C8         
  116 000000C8 4862            LDR              R0, =GPIO_PORTA_AMSEL_R
  117 000000CA 6801            LDR              R1, [R0]
  118 000000CC F021 013C       BIC              R1, #0x3C
  119 000000D0 6001            STR              R1, [R0]
  120 000000D2         
  121 000000D2 4861            LDR              R0, =GPIO_PORTA_DEN_R
  122 000000D4 6801            LDR              R1, [R0]
  123 000000D6 F041 013C       ORR              R1, #0x3C
  124 000000DA 6001            STR              R1, [R0]
  125 000000DC         
  126 000000DC 485F            LDR              R0, =GPIO_PORTD_DIR_R
  127 000000DE 6801            LDR              R1, [R0]
  128 000000E0 F021 010F       BIC              R1, #0x0F
  129 000000E4 6001            STR              R1, [R0]
  130 000000E6         
  131 000000E6 485E            LDR              R0, =GPIO_PORTD_AMSEL_R
  132 000000E8 6801            LDR              R1, [R0]
  133 000000EA F021 010F       BIC              R1, #0x0F
  134 000000EE 6001            STR              R1, [R0]
  135 000000F0         
  136 000000F0 485C            LDR              R0, =GPIO_PORTD_DEN_R



ARM Macro Assembler    Page 4 


  137 000000F2 6801            LDR              R1, [R0]
  138 000000F4 F041 010F       ORR              R1, #0x0F
  139 000000F8 6001            STR              R1, [R0]
  140 000000FA         
  141 000000FA 485B            LDR              R0, =lastScan
  142 000000FC F04F 0100       MOV              R1, #0
  143 00000100 7001            STRB             R1, [R0]
  144 00000102         
  145 00000102 485A            LDR              R0, =debounceCount
  146 00000104 F04F 0100       MOV              R1, #0
  147 00000108 6001            STR              R1, [R0]
  148 0000010A         
  149 0000010A 4770            BX               LR
  150 0000010C         
  151 0000010C         ;/~~~~~~~~~~~~~~~~~~~~~~~~~~~~~~~~~~~~~~~~~~~~~~~~\ 
  152 0000010C         ;| KeypadGetKey                                    |
  153 0000010C         ;| Author: Kit Cischke                             |
  154 0000010C         ;| Based on C code written by Muhammad Ali Mazidi  |
  155 0000010C         ;|                                                 |
  156 0000010C         ;| Returns: ASCII value of key pressed (or 0 if    |
  157 0000010C         ;|          no key pressed) in R0.                 |
  158 0000010C         ;| Parameters: void                                |
  159 0000010C         ;| A non-blocking function to read the keypad. If  |
  160 0000010C         ;| a key is pressed, it returns the ASCII value of |
  161 0000010C         ;| the key pressed.  Otherwise, it returns 0.      |
  162 0000010C         ;| First all rows are driven high and the input    |
  163 0000010C         ;| pins are read. If no key is pressed, it will    |
  164 0000010C         ;| read a zero.  Otherwise, some key is pressed.   |
  165 0000010C         ;| If any key is pressed, the code drives one row  |
  166 0000010C         ;| high at a time and leaves the rest of the rows  |
  167 0000010C         ;| inactive, then reads the input pins again.      |
  168 0000010C         ;| This combination lets us determine which key    |
  169 0000010C         ;| is pressed.                                     |
  170 0000010C         ;| Modifies register R0 (saves all other regs)     |
  171 0000010C         ;\~~~~~~~~~~~~~~~~~~~~~~~~~~~~~~~~~~~~~~~~~~~~~~~~~/ 
  172 0000010C 00000B40 
                       debounceMax
                               EQU              2880
  173 0000010C                 EXPORT           KeypadGetKey
  174 0000010C         KeypadGetKey
  175 0000010C         
  176 0000010C         ; Push all utilized registers onto the stack.
  177 0000010C F84D 1904       STR              R1, [SP], #-4
  178 00000110 F84D 2904       STR              R2, [SP], #-4
  179 00000114 F84D 3904       STR              R3, [SP], #-4
  180 00000118 F84D 4904       STR              R4, [SP], #-4
  181 0000011C F84D 5904       STR              R5, [SP], #-4
  182 00000120 F84D 6904       STR              R6, [SP], #-4
  183 00000124 F84D A904       STR              R10, [SP], #-4
  184 00000128         
  185 00000128 4850            LDR              R0, =debounceCount
  186 0000012A F04F 0100       MOV              R1, #0
  187 0000012E 6001            STR              R1, [R0]
  188 00000130         
  189 00000130         ; Enable all rows as output
  190 00000130         ; Yes, output. We have to write in order to read.
  191 00000130         KeypadScan
  192 00000130 484A            LDR              R0, =GPIO_PORTD_DIR_R
  193 00000132 6801            LDR              R1, [R0]



ARM Macro Assembler    Page 5 


  194 00000134 F041 010F       ORR              R1, #0x0F
  195 00000138 6001            STR              R1, [R0]
  196 0000013A         
  197 0000013A         ; Enable the rows.
  198 0000013A 484D            LDR              R0, =GPIO_PORTD_DATA_R
  199 0000013C 6801            LDR              R1, [R0]
  200 0000013E F041 010F       ORR              R1, #0x0F
  201 00000142 6001            STR              R1, [R0]
  202 00000144         
  203 00000144         ; Now read the input 
  204 00000144 484B            LDR              R0, =GPIO_PORTA_DATA_R
  205 00000146 6801            LDR              R1, [R0]
  206 00000148 F001 013C       AND              R1, #0x3C
  207 0000014C         
  208 0000014C         ; Disable the rows
  209 0000014C 4A43            LDR              R2, =GPIO_PORTD_DIR_R
  210 0000014E 6813            LDR              R3, [R2]
  211 00000150 F023 030F       BIC              R3, #0x0F
  212 00000154         
  213 00000154         ; If R1 is 0, no button pressed.  Return.
  214 00000154 2900            CMP              R1, #0
  215 00000156 D102            BNE              WhichKey
  216 00000158 F04F 0000       MOV              R0, #0
  217 0000015C E04F            B                KeypadReturn
  218 0000015E         
  219 0000015E         WhichKey
  220 0000015E F04F 0401       MOV              R4, #0x01
  221 00000162 F04F 0500       MOV              R5, #0
  222 00000166         KeypadLoop
  223 00000166         ; Disable all rows (again)
  224 00000166 483D            LDR              R0, =GPIO_PORTD_DIR_R
  225 00000168 6801            LDR              R1, [R0]
  226 0000016A F021 010F       BIC              R1, #0x0F
  227 0000016E 6001            STR              R1, [R0]
  228 00000170         ; Now enable just the row we're interested in 
  229 00000170 EA41 0104       ORR              R1, R4
  230 00000174 6001            STR              R1, [R0]
  231 00000176         
  232 00000176         ; Energize the keypad again to determine if
  233 00000176         ; the pressed button is in this row
  234 00000176 483E            LDR              R0, =GPIO_PORTD_DATA_R
  235 00000178 6801            LDR              R1, [R0]
  236 0000017A F041 010F       ORR              R1, #0x0F
  237 0000017E 6001            STR              R1, [R0]
  238 00000180         
  239 00000180 F04F 0AA0       MOV              R10, #160
  240 00000184         KeypadDelayLoop
  241 00000184 F1AA 0A01       SUB              R10, #1
  242 00000188 F1BA 0F00       CMP              R10, #0
  243 0000018C D1FA            BNE              KeypadDelayLoop
  244 0000018E         
  245 0000018E         
  246 0000018E         ; After the delay, read a row.
  247 0000018E 4839            LDR              R0, =GPIO_PORTA_DATA_R
  248 00000190 6803            LDR              R3, [R0]
  249 00000192 F003 033C       AND              R3, #0x3C
  250 00000196         ; If 0, the key pressed isn't in this row. 
  251 00000196 2B00            CMP              R3, #0
  252 00000198 D029            BEQ              NextRow



ARM Macro Assembler    Page 6 


  253 0000019A         
  254 0000019A         ; Disable all rows (yet again)
  255 0000019A 4830            LDR              R0, =GPIO_PORTD_DIR_R
  256 0000019C 6801            LDR              R1, [R0]
  257 0000019E F021 010F       BIC              R1, #0x0F
  258 000001A2 6001            STR              R1, [R0]
  259 000001A4         
  260 000001A4         ; We're out of the for loop. One of two things happened:
                       
  261 000001A4         ; 1. We found a key (R3 != 0)
  262 000001A4         ; 2. We found nothing. (R3 == 0)
  263 000001A4         ; If 2, return.
  264 000001A4 2B00            CMP              R3, #0
  265 000001A6 D102            BNE              DetermineChar
  266 000001A8         
  267 000001A8 F04F 0000       MOV              R0, #0
  268 000001AC E027            B                KeypadReturn
  269 000001AE         
  270 000001AE         DetermineChar
  271 000001AE 2B04            CMP              R3, #0x04
  272 000001B0 D105            BNE              CheckColumn1
  273 000001B2 4628            MOV              R0, R5
  274 000001B4 EA4F 0080       LSL              R0, #2
  275 000001B8 F100 0001       ADD              R0, #1
  276 000001BC E01F            B                KeypadReturn
  277 000001BE         
  278 000001BE         CheckColumn1
  279 000001BE 2B08            CMP              R3, #0x08
  280 000001C0 D105            BNE              CheckColumn2
  281 000001C2 4628            MOV              R0, R5
  282 000001C4 EA4F 0080       LSL              R0, #2
  283 000001C8 F100 0002       ADD              R0, #2
  284 000001CC E017            B                KeypadReturn
  285 000001CE         
  286 000001CE         CheckColumn2
  287 000001CE 2B10            CMP              R3, #0x10
  288 000001D0 D105            BNE              CheckColumn3
  289 000001D2 4628            MOV              R0, R5
  290 000001D4 EA4F 0080       LSL              R0, #2
  291 000001D8 F100 0003       ADD              R0, #3
  292 000001DC E00F            B                KeypadReturn
  293 000001DE         
  294 000001DE         CheckColumn3
  295 000001DE 2B20            CMP              R3, #0x20
  296 000001E0 D10B            BNE              NoChar
  297 000001E2 4628            MOV              R0, R5
  298 000001E4 EA4F 0080       LSL              R0, #2
  299 000001E8 F100 0004       ADD              R0, #4
  300 000001EC E007            B                KeypadReturn
  301 000001EE         
  302 000001EE         NextRow
  303 000001EE         ; Shift the mask over 1 bit to energize next row
  304 000001EE EA4F 0444       LSL              R4, R4, #1
  305 000001F2         ; Increment the counter
  306 000001F2 F105 0501       ADD              R5, R5, #1
  307 000001F6 2D04            CMP              R5, #4
  308 000001F8 D1B5            BNE              KeypadLoop
  309 000001FA         
  310 000001FA         NoChar



ARM Macro Assembler    Page 7 


  311 000001FA F04F 0000       MOV              R0, #0
  312 000001FE         KeypadReturn
  313 000001FE 4912            LDR              R1, =KeypadLookupTable
  314 00000200 5C0A            LDRB             R2, [R1, R0]
  315 00000202 4610            MOV              R0, R2
  316 00000204         
  317 00000204 4A18            LDR              R2, =lastScan
  318 00000206 7813            LDRB             R3, [R2]
  319 00000208 4283            CMP              R3, R0
  320 0000020A D005            BEQ              IncDebounceCount
  321 0000020C         ResetDebounceCount
  322 0000020C         ; Update lastScan with currentValue
  323 0000020C 7010            STRB             R0, [R2]
  324 0000020E         ; Reset Debounce counter
  325 0000020E 4A17            LDR              R2, =debounceCount
  326 00000210 F04F 0300       MOV              R3, #0
  327 00000214 6013            STR              R3, [R2]
  328 00000216 E78B            B                KeypadScan
  329 00000218         
  330 00000218         IncDebounceCount
  331 00000218 4A14            LDR              R2, =debounceCount
  332 0000021A 6813            LDR              R3, [R2]
  333 0000021C F103 0301       ADD              R3, #1
  334 00000220 6013            STR              R3, [R2]
  335 00000222 F5B3 6F34       CMP              R3, #debounceMax
  336 00000226 D183            BNE              KeypadScan
  337 00000228         
  338 00000228         ; Restore saved registers
  339 00000228 F85D AB04       LDR              R10, [SP], #4
  340 0000022C F85D 6B04       LDR              R6, [SP], #4
  341 00000230 F85D 5B04       LDR              R5, [SP], #4
  342 00000234 F85D 4B04       LDR              R4, [SP], #4
  343 00000238 F85D 3B04       LDR              R3, [SP], #4
  344 0000023C F85D 2B04       LDR              R2, [SP], #4
  345 00000240 F85D 1B04       LDR              R1, [SP], #4
  346 00000244         
  347 00000244 4770            BX               LR
  348 00000246         
  349 00000246         
  350 00000246 00 00           ALIGN
  351 00000248                 END
              00000000 
              400FE608 
              40004400 
              40004528 
              4000451C 
              40007400 
              40007528 
              4000751C 
              00000000 
              00000000 
              400073FC 
              400043FC 
Command Line: --debug --xref --cpu=Cortex-M4.fp --apcs=interwork --depend=.\key
pad.d -o.\keypad.o -IC:\Keil\ARM\RV31\INC -IC:\Keil\ARM\CMSIS\Include -IC:\Keil
\ARM\Inc\TI\TM4C123 --predefine="__EVAL SETA 1" --list=.\keypad.lst keypad.s



ARM Macro Assembler    Page 1 Alphabetic symbol ordering
Relocatable symbols

DATA 00000000

Symbol: DATA
   Definitions
      At line 11 in file keypad.s
   Uses
      None
Comment: DATA unused
KeypadLookupTable 00000000

Symbol: KeypadLookupTable
   Definitions
      At line 12 in file keypad.s
   Uses
      At line 21 in file keypad.s
      At line 313 in file keypad.s

debounceCount 00000012

Symbol: debounceCount
   Definitions
      At line 14 in file keypad.s
   Uses
      At line 145 in file keypad.s
      At line 185 in file keypad.s
      At line 325 in file keypad.s
      At line 331 in file keypad.s

lastScan 00000011

Symbol: lastScan
   Definitions
      At line 13 in file keypad.s
   Uses
      At line 141 in file keypad.s
      At line 317 in file keypad.s

4 symbols



ARM Macro Assembler    Page 1 Alphabetic symbol ordering
Relocatable symbols

.text 00000000

Symbol: .text
   Definitions
      At line 18 in file keypad.s
   Uses
      None
Comment: .text unused
BuildKeypadLookupTable 00000000

Symbol: BuildKeypadLookupTable
   Definitions
      At line 20 in file keypad.s
   Uses
      At line 19 in file keypad.s
Comment: BuildKeypadLookupTable used once
CheckColumn1 000001BE

Symbol: CheckColumn1
   Definitions
      At line 278 in file keypad.s
   Uses
      At line 272 in file keypad.s
Comment: CheckColumn1 used once
CheckColumn2 000001CE

Symbol: CheckColumn2
   Definitions
      At line 286 in file keypad.s
   Uses
      At line 280 in file keypad.s
Comment: CheckColumn2 used once
CheckColumn3 000001DE

Symbol: CheckColumn3
   Definitions
      At line 294 in file keypad.s
   Uses
      At line 288 in file keypad.s
Comment: CheckColumn3 used once
DetermineChar 000001AE

Symbol: DetermineChar
   Definitions
      At line 270 in file keypad.s
   Uses
      At line 265 in file keypad.s
Comment: DetermineChar used once
IncDebounceCount 00000218

Symbol: IncDebounceCount
   Definitions
      At line 330 in file keypad.s
   Uses
      At line 320 in file keypad.s
Comment: IncDebounceCount used once
KeypadDelayLoop 00000184

Symbol: KeypadDelayLoop



ARM Macro Assembler    Page 2 Alphabetic symbol ordering
Relocatable symbols

   Definitions
      At line 240 in file keypad.s
   Uses
      At line 243 in file keypad.s
Comment: KeypadDelayLoop used once
KeypadGetKey 0000010C

Symbol: KeypadGetKey
   Definitions
      At line 174 in file keypad.s
   Uses
      At line 173 in file keypad.s
Comment: KeypadGetKey used once
KeypadInit 000000AA

Symbol: KeypadInit
   Definitions
      At line 100 in file keypad.s
   Uses
      At line 99 in file keypad.s
Comment: KeypadInit used once
KeypadLoop 00000166

Symbol: KeypadLoop
   Definitions
      At line 222 in file keypad.s
   Uses
      At line 308 in file keypad.s
Comment: KeypadLoop used once
KeypadReturn 000001FE

Symbol: KeypadReturn
   Definitions
      At line 312 in file keypad.s
   Uses
      At line 217 in file keypad.s
      At line 268 in file keypad.s
      At line 276 in file keypad.s
      At line 284 in file keypad.s
      At line 292 in file keypad.s
      At line 300 in file keypad.s

KeypadScan 00000130

Symbol: KeypadScan
   Definitions
      At line 191 in file keypad.s
   Uses
      At line 328 in file keypad.s
      At line 336 in file keypad.s

NextRow 000001EE

Symbol: NextRow
   Definitions
      At line 302 in file keypad.s
   Uses
      At line 252 in file keypad.s
Comment: NextRow used once



ARM Macro Assembler    Page 3 Alphabetic symbol ordering
Relocatable symbols

NoChar 000001FA

Symbol: NoChar
   Definitions
      At line 310 in file keypad.s
   Uses
      At line 296 in file keypad.s
Comment: NoChar used once
ResetDebounceCount 0000020C

Symbol: ResetDebounceCount
   Definitions
      At line 321 in file keypad.s
   Uses
      None
Comment: ResetDebounceCount unused
WhichKey 0000015E

Symbol: WhichKey
   Definitions
      At line 219 in file keypad.s
   Uses
      At line 215 in file keypad.s
Comment: WhichKey used once
17 symbols



ARM Macro Assembler    Page 1 Alphabetic symbol ordering
Absolute symbols

GPIO_PORTA_AMSEL_R 40004528

Symbol: GPIO_PORTA_AMSEL_R
   Definitions
      At line 96 in file keypad.s
   Uses
      At line 116 in file keypad.s
Comment: GPIO_PORTA_AMSEL_R used once
GPIO_PORTA_DATA_R 400043FC

Symbol: GPIO_PORTA_DATA_R
   Definitions
      At line 93 in file keypad.s
   Uses
      At line 204 in file keypad.s
      At line 247 in file keypad.s

GPIO_PORTA_DEN_R 4000451C

Symbol: GPIO_PORTA_DEN_R
   Definitions
      At line 95 in file keypad.s
   Uses
      At line 121 in file keypad.s
Comment: GPIO_PORTA_DEN_R used once
GPIO_PORTA_DIR_R 40004400

Symbol: GPIO_PORTA_DIR_R
   Definitions
      At line 94 in file keypad.s
   Uses
      At line 111 in file keypad.s
Comment: GPIO_PORTA_DIR_R used once
GPIO_PORTD_AMSEL_R 40007528

Symbol: GPIO_PORTD_AMSEL_R
   Definitions
      At line 92 in file keypad.s
   Uses
      At line 131 in file keypad.s
Comment: GPIO_PORTD_AMSEL_R used once
GPIO_PORTD_DATA_R 400073FC

Symbol: GPIO_PORTD_DATA_R
   Definitions
      At line 89 in file keypad.s
   Uses
      At line 198 in file keypad.s
      At line 234 in file keypad.s

GPIO_PORTD_DEN_R 4000751C

Symbol: GPIO_PORTD_DEN_R
   Definitions
      At line 91 in file keypad.s
   Uses
      At line 136 in file keypad.s
Comment: GPIO_PORTD_DEN_R used once
GPIO_PORTD_DIR_R 40007400



ARM Macro Assembler    Page 2 Alphabetic symbol ordering
Absolute symbols


Symbol: GPIO_PORTD_DIR_R
   Definitions
      At line 90 in file keypad.s
   Uses
      At line 126 in file keypad.s
      At line 192 in file keypad.s
      At line 209 in file keypad.s
      At line 224 in file keypad.s
      At line 255 in file keypad.s

SYSCTL_RCGCGPIO_R 400FE608

Symbol: SYSCTL_RCGCGPIO_R
   Definitions
      At line 97 in file keypad.s
   Uses
      At line 101 in file keypad.s
Comment: SYSCTL_RCGCGPIO_R used once
debounceMax 00000B40

Symbol: debounceMax
   Definitions
      At line 172 in file keypad.s
   Uses
      At line 335 in file keypad.s
Comment: debounceMax used once
10 symbols
365 symbols in table
