


ARM Macro Assembler    Page 1 


    1 00000000                 AREA             DATA, READWRITE, ALIGN=2
    2 00000000                 EXPORT           comboDigit1 [DATA, SIZE=1]
    3 00000000 00      comboDigit1
                               SPACE            1
    4 00000001                 EXPORT           comboDigit2 [DATA, SIZE=1]
    5 00000001 00      comboDigit2
                               SPACE            1
    6 00000002                 EXPORT           comboDigit3 [DATA, SIZE=1]
    7 00000002 00      comboDigit3
                               SPACE            1
    8 00000003                 EXPORT           comboDigit4 [DATA, SIZE=1]
    9 00000003 00      comboDigit4
                               SPACE            1
   10 00000004         
   11 00000004                 EXPORT           currentLEDState [DATA, SIZE=1]
   12 00000004 00      currentLEDState
                               SPACE            1
   13 00000005         
   14 00000005 00 00 00        ALIGN
   15 00000008         
   16 00000008                 AREA             |.text|, CODE, READONLY, ALIGN=
2
   17 00000000                 IMPORT           KeypadInit
   18 00000000                 IMPORT           BuildKeypadLookupTable
   19 00000000                 IMPORT           KeypadGetKey
   20 00000000         
   21 00000000                 EXPORT           __main
   22 00000000         __main
   23 00000000         
   24 00000000         ; Call initialization subroutines here.
   25 00000000         
   26 00000000         
   27 00000000         
   28 00000000         ComboStart
   29 00000000 F8DF 8068       LDR              R8, =comboDigit1
   30 00000004 F898 9000       LDRB             R9, [R8]
   31 00000008         
   32 00000008 F8DF B064       LDR              R11, =currentLEDState
   33 0000000C F04F 0C08       MOV              R12, #0x08
   34 00000010 F88B C000       STRB             R12, [R11]
   35 00000014         
   36 00000014         ; This is the main program loop.
   37 00000014         Loop
   38 00000014 4817            LDR              R0, =KeypadGetKey
   39 00000016 4780            BLX              R0
   40 00000018         
   41 00000018         ; If no key pressed, just check again.
   42 00000018         
   43 00000018         ; Compare with the current digit of the combination.
   44 00000018         ; Reset everything if it's the wrong key
   45 00000018         
   46 00000018         ; Update LEDs if it's the right key
   47 00000018         
   48 00000018         ; Move to the next character 
   49 00000018         
   50 00000018         ; Do it all again
   51 00000018 E7FC            B                Loop
   52 0000001A         
   53 0000001A         ResetCombo



ARM Macro Assembler    Page 2 


   54 0000001A         ; Turn off the LEDs, then restart 
   55 0000001A E7F1            B                ComboStart
   56 0000001C         
   57 0000001C         ; Here is a final infinite loop for successful 
   58 0000001C         ; input of the whole combination.
   59 0000001C E7FE    TheEnd  B                TheEnd
   60 0000001E         
   61 0000001E                 EXPORT           SystemInit
   62 0000001E         SystemInit
   63 0000001E         ; These lines initialize the combination:
   64 0000001E         ; 1885
   65 0000001E 4813            LDR              R0, =comboDigit1
   66 00000020 F04F 0131       MOV              R1, #'1'
   67 00000024 7001            STRB             R1, [R0]
   68 00000026         
   69 00000026 4814            LDR              R0, =comboDigit2
   70 00000028 F04F 0138       MOV              R1, #'8'
   71 0000002C 7001            STRB             R1, [R0]
   72 0000002E         
   73 0000002E 4813            LDR              R0, =comboDigit3
   74 00000030 F04F 0138       MOV              R1, #'8'
   75 00000034 7001            STRB             R1, [R0]
   76 00000036         
   77 00000036 4812            LDR              R0, =comboDigit4
   78 00000038 F04F 0135       MOV              R1, #'5'
   79 0000003C 7001            STRB             R1, [R0]
   80 0000003E         
   81 0000003E         ; Put any custom initializations here. 
   82 0000003E         
   83 0000003E 4770            BX               LR
   84 00000040         
   85 00000040 400053FC 
                       GPIO_PORTB_DATA_R
                               EQU              0x400053FC
   86 00000040 40005400 
                       GPIO_PORTB_DIR_R
                               EQU              0x40005400
   87 00000040 4000551C 
                       GPIO_PORTB_DEN_R
                               EQU              0x4000551C
   88 00000040 400FE608 
                       SYSCTL_RCGCGPIO_R
                               EQU              0x400FE608
   89 00000040         
   90 00000040         ; Put all needed initializations here.
   91 00000040         ; They should be the same as Lab 2.
   92 00000040         PortConfiguration
   93 00000040         ; LED Port B initializations first
   94 00000040 4810            LDR              R0, =SYSCTL_RCGCGPIO_R
   95 00000042 6801            LDR              R1, [R0]
   96 00000044 F041 0102       ORR              R1, R1, #0x02
   97 00000048 6001            STR              R1, [R0]
   98 0000004A BF00            NOP
   99 0000004C BF00            NOP
  100 0000004E BF00            NOP
  101 00000050 BF00            NOP
  102 00000052 480D            LDR              R0, =GPIO_PORTB_DIR_R
  103 00000054 6801            LDR              R1, [R0]
  104 00000056 F041 010F       ORR              R1, R1, #0x0F



ARM Macro Assembler    Page 3 


  105 0000005A 6001            STR              R1, [R0]
  106 0000005C 480B            LDR              R0, =GPIO_PORTB_DEN_R
  107 0000005E 6801            LDR              R1, [R0]
  108 00000060 F041 010F       ORR              R1, R1, #0x0F
  109 00000064 6001            STR              R1, [R0]
  110 00000066         
  111 00000066 4770            BX               LR
  112 00000068         
  113 00000068         LEDInit
  114 00000068         
  115 00000068 4770            BX               LR
  116 0000006A         
  117 0000006A 00 00           ALIGN
  118 0000006C         
  119 0000006C                 END
              00000000 
              00000000 
              00000000 
              00000000 
              00000000 
              00000000 
              400FE608 
              40005400 
              4000551C 
Command Line: --debug --xref --cpu=Cortex-M4.fp --apcs=interwork --depend=.\mai
n.d -o.\main.o -IC:\winapps\Keil\ARM\RV31\INC -IC:\winapps\Keil\ARM\CMSIS\Inclu
de -IC:\winapps\Keil\ARM\Inc\TI\TM4C123 --predefine="__EVAL SETA 1" --list=.\ma
in.lst main.s



ARM Macro Assembler    Page 1 Alphabetic symbol ordering
Relocatable symbols

DATA 00000000

Symbol: DATA
   Definitions
      At line 1 in file main.s
   Uses
      None
Comment: DATA unused
comboDigit1 00000000

Symbol: comboDigit1
   Definitions
      At line 3 in file main.s
   Uses
      At line 2 in file main.s
      At line 29 in file main.s
      At line 65 in file main.s

comboDigit2 00000001

Symbol: comboDigit2
   Definitions
      At line 5 in file main.s
   Uses
      At line 4 in file main.s
      At line 69 in file main.s

comboDigit3 00000002

Symbol: comboDigit3
   Definitions
      At line 7 in file main.s
   Uses
      At line 6 in file main.s
      At line 73 in file main.s

comboDigit4 00000003

Symbol: comboDigit4
   Definitions
      At line 9 in file main.s
   Uses
      At line 8 in file main.s
      At line 77 in file main.s

currentLEDState 00000004

Symbol: currentLEDState
   Definitions
      At line 12 in file main.s
   Uses
      At line 11 in file main.s
      At line 32 in file main.s

6 symbols



ARM Macro Assembler    Page 1 Alphabetic symbol ordering
Relocatable symbols

.text 00000000

Symbol: .text
   Definitions
      At line 16 in file main.s
   Uses
      None
Comment: .text unused
ComboStart 00000000

Symbol: ComboStart
   Definitions
      At line 28 in file main.s
   Uses
      At line 55 in file main.s
Comment: ComboStart used once
LEDInit 00000068

Symbol: LEDInit
   Definitions
      At line 113 in file main.s
   Uses
      None
Comment: LEDInit unused
Loop 00000014

Symbol: Loop
   Definitions
      At line 37 in file main.s
   Uses
      At line 51 in file main.s
Comment: Loop used once
PortConfiguration 00000040

Symbol: PortConfiguration
   Definitions
      At line 92 in file main.s
   Uses
      None
Comment: PortConfiguration unused
ResetCombo 0000001A

Symbol: ResetCombo
   Definitions
      At line 53 in file main.s
   Uses
      None
Comment: ResetCombo unused
SystemInit 0000001E

Symbol: SystemInit
   Definitions
      At line 62 in file main.s
   Uses
      At line 61 in file main.s
Comment: SystemInit used once
TheEnd 0000001C

Symbol: TheEnd



ARM Macro Assembler    Page 2 Alphabetic symbol ordering
Relocatable symbols

   Definitions
      At line 59 in file main.s
   Uses
      At line 59 in file main.s
Comment: TheEnd used once
__main 00000000

Symbol: __main
   Definitions
      At line 22 in file main.s
   Uses
      At line 21 in file main.s
Comment: __main used once
9 symbols



ARM Macro Assembler    Page 1 Alphabetic symbol ordering
Absolute symbols

GPIO_PORTB_DATA_R 400053FC

Symbol: GPIO_PORTB_DATA_R
   Definitions
      At line 85 in file main.s
   Uses
      None
Comment: GPIO_PORTB_DATA_R unused
GPIO_PORTB_DEN_R 4000551C

Symbol: GPIO_PORTB_DEN_R
   Definitions
      At line 87 in file main.s
   Uses
      At line 106 in file main.s
Comment: GPIO_PORTB_DEN_R used once
GPIO_PORTB_DIR_R 40005400

Symbol: GPIO_PORTB_DIR_R
   Definitions
      At line 86 in file main.s
   Uses
      At line 102 in file main.s
Comment: GPIO_PORTB_DIR_R used once
SYSCTL_RCGCGPIO_R 400FE608

Symbol: SYSCTL_RCGCGPIO_R
   Definitions
      At line 88 in file main.s
   Uses
      At line 94 in file main.s
Comment: SYSCTL_RCGCGPIO_R used once
4 symbols



ARM Macro Assembler    Page 1 Alphabetic symbol ordering
External symbols

BuildKeypadLookupTable 00000000

Symbol: BuildKeypadLookupTable
   Definitions
      At line 18 in file main.s
   Uses
      None
Comment: BuildKeypadLookupTable unused
KeypadGetKey 00000000

Symbol: KeypadGetKey
   Definitions
      At line 19 in file main.s
   Uses
      At line 38 in file main.s
Comment: KeypadGetKey used once
KeypadInit 00000000

Symbol: KeypadInit
   Definitions
      At line 17 in file main.s
   Uses
      None
Comment: KeypadInit unused
3 symbols
356 symbols in table
