


ARM Macro Assembler    Page 1 


    1 00000000 400073FC 
                       GPIO_PORTD_DATA_R
                               EQU              0x400073FC
    2 00000000 40007400 
                       GPIO_PORTD_DIR_R
                               EQU              0x40007400
    3 00000000 4000751C 
                       GPIO_PORTD_DEN_R
                               EQU              0x4000751C
    4 00000000 40007528 
                       GPIO_PORTD_AMSEL_R
                               EQU              0x40007528
    5 00000000 400053FC 
                       GPIO_PORTB_DATA_R
                               EQU              0x400053FC
    6 00000000 40005400 
                       GPIO_PORTB_DIR_R
                               EQU              0x40005400
    7 00000000 4000551C 
                       GPIO_PORTB_DEN_R
                               EQU              0x4000551C
    8 00000000 400FE608 
                       SYSCTL_RCGCGPIO_R
                               EQU              0x400FE608
    9 00000000         
   10 00000000                 AREA             |.text|, CODE, READONLY, ALIGN=
2
   11 00000000                 EXPORT           __main
   12 00000000         __main
   13 00000000 481F            LDR              R0, =PortConfiguration
   14 00000002 4780            BLX              R0
   15 00000004         
   16 00000004 481F            LDR              R0, =GPIO_PORTB_DATA_R
   17 00000006 4920            LDR              R1, =GPIO_PORTD_DATA_R
   18 00000008         
   19 00000008 F04F 0600       MOV              R6, #0
   20 0000000C         
   21 0000000C         ;RunForever
   22 0000000C         ; LDR R2, [R1]
   23 0000000C         ; STR R2, [R0]
   24 0000000C         ; B RunForever
   25 0000000C         
   26 0000000C         ; turn the LED3 on
   27 0000000C         MainLoop
   28 0000000C F04F 0208       MOV              R2, #0x08
   29 00000010 6002            STR              R2, [R0]
   30 00000012         
   31 00000012         ; delay 0.25 secs
   32 00000012 2E02    DelayLoop
                               CMP              R6, #2
   33 00000014 F106 0601       ADD              R6, R6, #1
   34 00000018 D1FB            BNE              DelayLoop
   35 0000001A F04F 0600       MOV              R6, #0
   36 0000001E         
   37 0000001E         ; turn LED3 off
   38 0000001E F04F 0200       MOV              R2, #0
   39 00000022 6002            STR              R2, [R0]
   40 00000024         
   41 00000024 E7F2            B                MainLoop



ARM Macro Assembler    Page 2 


   42 00000026         
   43 00000026         PortConfiguration
   44 00000026         ; Port B initializations first
   45 00000026 4819            LDR              R0, =SYSCTL_RCGCGPIO_R
   46 00000028 6801            LDR              R1, [R0]
   47 0000002A F041 0102       ORR              R1, R1, #0x02
   48 0000002E 6001            STR              R1, [R0]
   49 00000030 BF00            NOP
   50 00000032 BF00            NOP
   51 00000034 BF00            NOP
   52 00000036 BF00            NOP
   53 00000038 4815            LDR              R0, =GPIO_PORTB_DIR_R
   54 0000003A 6801            LDR              R1, [R0]
   55 0000003C F041 0108       ORR              R1, R1, #0x08
   56 00000040 6001            STR              R1, [R0]
   57 00000042 4814            LDR              R0, =GPIO_PORTB_DEN_R
   58 00000044 6801            LDR              R1, [R0]
   59 00000046 F041 0108       ORR              R1, R1, #0x08
   60 0000004A 6001            STR              R1, [R0]
   61 0000004C         
   62 0000004C         ; Port D initializaion
   63 0000004C 480F            LDR              R0, =SYSCTL_RCGCGPIO_R
   64 0000004E 6801            LDR              R1, [R0]
   65 00000050 F041 0108       ORR              R1, R1, #0x08
   66 00000054 6001            STR              R1, [R0]
   67 00000056 BF00            NOP
   68 00000058 BF00            NOP
   69 0000005A BF00            NOP
   70 0000005C BF00            NOP
   71 0000005E 480E            LDR              R0, =GPIO_PORTD_DIR_R
   72 00000060 6801            LDR              R1, [R0]
   73 00000062 F021 010F       BIC              R1, R1, #0x0F
   74 00000066 6001            STR              R1, [R0]
   75 00000068 480C            LDR              R0, =GPIO_PORTD_AMSEL_R
   76 0000006A 6801            LDR              R1, [R0]
   77 0000006C F021 010F       BIC              R1, R1, #0x0F
   78 00000070 6001            STR              R1, [R0]
   79 00000072 480B            LDR              R0, =GPIO_PORTD_DEN_R
   80 00000074 6801            LDR              R1, [R0]
   81 00000076 F041 010F       ORR              R1, R1, #0x0F
   82 0000007A 6001            STR              R1, [R0]
   83 0000007C         
   84 0000007C 4770            BX               LR
   85 0000007E         
   86 0000007E                 EXPORT           SystemInit
   87 0000007E         SystemInit
   88 0000007E 4770            BX               LR
   89 00000080         
   90 00000080                 ALIGN
   91 00000080                 END
              00000000 
              400053FC 
              400073FC 
              400FE608 
              40005400 
              4000551C 
              40007400 
              40007528 
              4000751C 



ARM Macro Assembler    Page 3 


Command Line: --debug --xref --cpu=Cortex-M4.fp --apcs=interwork --depend=.\mai
n.d -o.\main.o -IC:\winapps\Keil\ARM\RV31\INC -IC:\winapps\Keil\ARM\CMSIS\Inclu
de -IC:\winapps\Keil\ARM\Inc\TI\TM4C123 --predefine="__EVAL SETA 1" --list=.\ma
in.lst main.s



ARM Macro Assembler    Page 1 Alphabetic symbol ordering
Relocatable symbols

.text 00000000

Symbol: .text
   Definitions
      At line 10 in file main.s
   Uses
      None
Comment: .text unused
DelayLoop 00000012

Symbol: DelayLoop
   Definitions
      At line 32 in file main.s
   Uses
      At line 34 in file main.s
Comment: DelayLoop used once
MainLoop 0000000C

Symbol: MainLoop
   Definitions
      At line 27 in file main.s
   Uses
      At line 41 in file main.s
Comment: MainLoop used once
PortConfiguration 00000026

Symbol: PortConfiguration
   Definitions
      At line 43 in file main.s
   Uses
      At line 13 in file main.s
Comment: PortConfiguration used once
SystemInit 0000007E

Symbol: SystemInit
   Definitions
      At line 87 in file main.s
   Uses
      At line 86 in file main.s
Comment: SystemInit used once
__main 00000000

Symbol: __main
   Definitions
      At line 12 in file main.s
   Uses
      At line 11 in file main.s
Comment: __main used once
6 symbols



ARM Macro Assembler    Page 1 Alphabetic symbol ordering
Absolute symbols

GPIO_PORTB_DATA_R 400053FC

Symbol: GPIO_PORTB_DATA_R
   Definitions
      At line 5 in file main.s
   Uses
      At line 16 in file main.s
Comment: GPIO_PORTB_DATA_R used once
GPIO_PORTB_DEN_R 4000551C

Symbol: GPIO_PORTB_DEN_R
   Definitions
      At line 7 in file main.s
   Uses
      At line 57 in file main.s
Comment: GPIO_PORTB_DEN_R used once
GPIO_PORTB_DIR_R 40005400

Symbol: GPIO_PORTB_DIR_R
   Definitions
      At line 6 in file main.s
   Uses
      At line 53 in file main.s
Comment: GPIO_PORTB_DIR_R used once
GPIO_PORTD_AMSEL_R 40007528

Symbol: GPIO_PORTD_AMSEL_R
   Definitions
      At line 4 in file main.s
   Uses
      At line 75 in file main.s
Comment: GPIO_PORTD_AMSEL_R used once
GPIO_PORTD_DATA_R 400073FC

Symbol: GPIO_PORTD_DATA_R
   Definitions
      At line 1 in file main.s
   Uses
      At line 17 in file main.s
Comment: GPIO_PORTD_DATA_R used once
GPIO_PORTD_DEN_R 4000751C

Symbol: GPIO_PORTD_DEN_R
   Definitions
      At line 3 in file main.s
   Uses
      At line 79 in file main.s
Comment: GPIO_PORTD_DEN_R used once
GPIO_PORTD_DIR_R 40007400

Symbol: GPIO_PORTD_DIR_R
   Definitions
      At line 2 in file main.s
   Uses
      At line 71 in file main.s
Comment: GPIO_PORTD_DIR_R used once
SYSCTL_RCGCGPIO_R 400FE608

Symbol: SYSCTL_RCGCGPIO_R



ARM Macro Assembler    Page 2 Alphabetic symbol ordering
Absolute symbols

   Definitions
      At line 8 in file main.s
   Uses
      At line 45 in file main.s
      At line 63 in file main.s

8 symbols
348 symbols in table
