


ARM Macro Assembler    Page 1 


    1 00000000 400073FC 
                       GPIO_PORTD_DATA_R
                               EQU              0x400073FC
    2 00000000 40007400 
                       GPIO_PORTD_DIR_R
                               EQU              0x40007400
    3 00000000 4000751C 
                       GPIO_PORTD_DEN_R
                               EQU              0x4000751C
    4 00000000 40007528 
                       GPIO_PORTD_AMSEL_R
                               EQU              0x40007528
    5 00000000 400053FC 
                       GPIO_PORTB_DATA_R
                               EQU              0x400053FC
    6 00000000 40005400 
                       GPIO_PORTB_DIR_R
                               EQU              0x40005400
    7 00000000 4000551C 
                       GPIO_PORTB_DEN_R
                               EQU              0x4000551C
    8 00000000 400FE608 
                       SYSCTL_RCGCGPIO_R
                               EQU              0x400FE608
    9 00000000         
   10 00000000                 AREA             |.text|, CODE, READONLY, ALIGN=
2
   11 00000000                 EXPORT           __main
   12 00000000         __main
   13 00000000 4819            LDR              R0, =PortConfiguration
   14 00000002 4780            BLX              R0
   15 00000004 4819            LDR              R0, =GPIO_PORTB_DATA_R
   16 00000006 491A            LDR              R1, =GPIO_PORTD_DATA_R
   17 00000008         
   18 00000008         RunForever
   19 00000008 680A            LDR              R2, [R1]
   20 0000000A 6002            STR              R2, [R0]
   21 0000000C E7FC            B                RunForever
   22 0000000E         
   23 0000000E         ; turn the LED3 on
   24 0000000E         ;MainLoop 
   25 0000000E         ; MOV R2, #0x08
   26 0000000E         ; STR R2, [R0]
   27 0000000E         
   28 0000000E         ; delay loop
   29 0000000E         ; LDR R5, =200000
   30 0000000E         ;DelayLoop
   31 0000000E         ; SUBS R5, #1
   32 0000000E         ; BNE DelayLoop
   33 0000000E         
   34 0000000E         ; turn LED3 off
   35 0000000E         ; MOV R2, #0
   36 0000000E         ; STR R2, [R0]
   37 0000000E         
   38 0000000E         ; delay loop2
   39 0000000E         ; LDR R5, =200000
   40 0000000E         ;DelayLoop2
   41 0000000E         ; SUBS R5, #1
   42 0000000E         ; BNE DelayLoop2



ARM Macro Assembler    Page 2 


   43 0000000E         
   44 0000000E         ; B MainLoop
   45 0000000E         
   46 0000000E         PortConfiguration
   47 0000000E         ; Port B initializations first
   48 0000000E 4819            LDR              R0, =SYSCTL_RCGCGPIO_R
   49 00000010 6801            LDR              R1, [R0]
   50 00000012 F041 0102       ORR              R1, R1, #0x02
   51 00000016 6001            STR              R1, [R0]
   52 00000018 BF00            NOP
   53 0000001A BF00            NOP
   54 0000001C BF00            NOP
   55 0000001E BF00            NOP
   56 00000020 4815            LDR              R0, =GPIO_PORTB_DIR_R
   57 00000022 6801            LDR              R1, [R0]
   58 00000024 F041 0108       ORR              R1, R1, #0x08
   59 00000028 6001            STR              R1, [R0]
   60 0000002A 4814            LDR              R0, =GPIO_PORTB_DEN_R
   61 0000002C 6801            LDR              R1, [R0]
   62 0000002E F041 0108       ORR              R1, R1, #0x08
   63 00000032 6001            STR              R1, [R0]
   64 00000034         
   65 00000034         ; Port D initializaion
   66 00000034 480F            LDR              R0, =SYSCTL_RCGCGPIO_R
   67 00000036 6801            LDR              R1, [R0]
   68 00000038 F041 0108       ORR              R1, R1, #0x08
   69 0000003C 6001            STR              R1, [R0]
   70 0000003E BF00            NOP
   71 00000040 BF00            NOP
   72 00000042 BF00            NOP
   73 00000044 BF00            NOP
   74 00000046 480E            LDR              R0, =GPIO_PORTD_DIR_R
   75 00000048 6801            LDR              R1, [R0]
   76 0000004A F021 010F       BIC              R1, R1, #0x0F
   77 0000004E 6001            STR              R1, [R0]
   78 00000050 480C            LDR              R0, =GPIO_PORTD_AMSEL_R
   79 00000052 6801            LDR              R1, [R0]
   80 00000054 F021 010F       BIC              R1, R1, #0x0F
   81 00000058 6001            STR              R1, [R0]
   82 0000005A 480B            LDR              R0, =GPIO_PORTD_DEN_R
   83 0000005C 6801            LDR              R1, [R0]
   84 0000005E F041 010F       ORR              R1, R1, #0x0F
   85 00000062 6001            STR              R1, [R0]
   86 00000064         
   87 00000064 4770            BX               LR
   88 00000066         
   89 00000066                 EXPORT           SystemInit
   90 00000066         SystemInit
   91 00000066 4770            BX               LR
   92 00000068         
   93 00000068                 ALIGN
   94 00000068                 END
              00000000 
              400053FC 
              400073FC 
              400FE608 
              40005400 
              4000551C 
              40007400 



ARM Macro Assembler    Page 3 


              40007528 
              4000751C 
Command Line: --debug --xref --cpu=Cortex-M4.fp --apcs=interwork --depend=.\mai
n.d -o.\main.o -IC:\ARM\RV31\INC -IC:\ARM\CMSIS\Include -IC:\ARM\Inc\TI\TM4C123
 --predefine="__EVAL SETA 1" --list=.\main.lst main.s



ARM Macro Assembler    Page 1 Alphabetic symbol ordering
Relocatable symbols

.text 00000000

Symbol: .text
   Definitions
      At line 10 in file main.s
   Uses
      None
Comment: .text unused
PortConfiguration 0000000E

Symbol: PortConfiguration
   Definitions
      At line 46 in file main.s
   Uses
      At line 13 in file main.s
Comment: PortConfiguration used once
RunForever 00000008

Symbol: RunForever
   Definitions
      At line 18 in file main.s
   Uses
      At line 21 in file main.s
Comment: RunForever used once
SystemInit 00000066

Symbol: SystemInit
   Definitions
      At line 90 in file main.s
   Uses
      At line 89 in file main.s
Comment: SystemInit used once
__main 00000000

Symbol: __main
   Definitions
      At line 12 in file main.s
   Uses
      At line 11 in file main.s
Comment: __main used once
5 symbols



ARM Macro Assembler    Page 1 Alphabetic symbol ordering
Absolute symbols

GPIO_PORTB_DATA_R 400053FC

Symbol: GPIO_PORTB_DATA_R
   Definitions
      At line 5 in file main.s
   Uses
      At line 15 in file main.s
Comment: GPIO_PORTB_DATA_R used once
GPIO_PORTB_DEN_R 4000551C

Symbol: GPIO_PORTB_DEN_R
   Definitions
      At line 7 in file main.s
   Uses
      At line 60 in file main.s
Comment: GPIO_PORTB_DEN_R used once
GPIO_PORTB_DIR_R 40005400

Symbol: GPIO_PORTB_DIR_R
   Definitions
      At line 6 in file main.s
   Uses
      At line 56 in file main.s
Comment: GPIO_PORTB_DIR_R used once
GPIO_PORTD_AMSEL_R 40007528

Symbol: GPIO_PORTD_AMSEL_R
   Definitions
      At line 4 in file main.s
   Uses
      At line 78 in file main.s
Comment: GPIO_PORTD_AMSEL_R used once
GPIO_PORTD_DATA_R 400073FC

Symbol: GPIO_PORTD_DATA_R
   Definitions
      At line 1 in file main.s
   Uses
      At line 16 in file main.s
Comment: GPIO_PORTD_DATA_R used once
GPIO_PORTD_DEN_R 4000751C

Symbol: GPIO_PORTD_DEN_R
   Definitions
      At line 3 in file main.s
   Uses
      At line 82 in file main.s
Comment: GPIO_PORTD_DEN_R used once
GPIO_PORTD_DIR_R 40007400

Symbol: GPIO_PORTD_DIR_R
   Definitions
      At line 2 in file main.s
   Uses
      At line 74 in file main.s
Comment: GPIO_PORTD_DIR_R used once
SYSCTL_RCGCGPIO_R 400FE608

Symbol: SYSCTL_RCGCGPIO_R



ARM Macro Assembler    Page 2 Alphabetic symbol ordering
Absolute symbols

   Definitions
      At line 8 in file main.s
   Uses
      At line 48 in file main.s
      At line 66 in file main.s

8 symbols
347 symbols in table
